
May 01, 2023 22:18:02.272 NEW SESSION
May 01, 2023 22:18:02.272 [7272:16876:0501/221802.260:ERROR:device_event_log_impl.cc(222)] [22:18:02.259] USB: usb_service_win.cc:415 Could not read device interface GUIDs: The system cannot find the file specified. (0x2)
May 01, 2023 22:18:02.273 [7272:16876:0501/221802.269:ERROR:device_event_log_impl.cc(222)] [22:18:02.268] USB: usb_device_handle_win.cc:1046 Failed to read descriptor from node connection: A device attached to the system is not functioning. (0x1F)
May 01, 2023 22:18:02.281 [7272:16876:0501/221802.281:ERROR:device_event_log_impl.cc(222)] [22:18:02.280] USB: usb_device_handle_win.cc:1046 Failed to read descriptor from node connection: A device attached to the system is not functioning. (0x1F)
May 01, 2023 22:18:02.283 [7272:16876:0501/221802.282:ERROR:device_event_log_impl.cc(222)] [22:18:02.281] USB: usb_device_handle_win.cc:1046 Failed to read descriptor from node connection: A device attached to the system is not functioning. (0x1F)
May 01, 2023 22:18:06.208 INFO: Created TensorFlow Lite XNNPACK delegate for CPU.
May 01, 2023 22:51:39.366 [12240:5540:0501/225139.341:ERROR:device_event_log_impl.cc(222)] [22:51:39.341] USB: usb_service_win.cc:415 Could not read device interface GUIDs: The system cannot find the file specified. (0x2)
May 01, 2023 22:51:39.465 [12240:5540:0501/225139.350:ERROR:device_event_log_impl.cc(222)] [22:51:39.350] USB: usb_device_handle_win.cc:1046 Failed to read descriptor from node connection: A device attached to the system is not functioning. (0x1F)
May 01, 2023 22:51:39.466 [12240:5540:0501/225139.362:ERROR:device_event_log_impl.cc(222)] [22:51:39.362] USB: usb_device_handle_win.cc:1046 Failed to read descriptor from node connection: A device attached to the system is not functioning. (0x1F)
May 01, 2023 22:51:39.470 [12240:5540:0501/225139.362:ERROR:device_event_log_impl.cc(222)] [22:51:39.363] USB: usb_device_handle_win.cc:1046 Failed to read descriptor from node connection: A device attached to the system is not functioning. (0x1F)
May 01, 2023 22:51:41.221 INFO: Created TensorFlow Lite XNNPACK delegate for CPU.

May 04, 2023 21:09:23.659 NEW SESSION
May 04, 2023 21:09:23.659 [12700:15292:0504/210923.656:ERROR:device_event_log_impl.cc(222)] [21:09:23.655] USB: usb_service_win.cc:415 Could not read device interface GUIDs: The system cannot find the file specified. (0x2)
May 04, 2023 21:09:23.672 [12700:15292:0504/210923.672:ERROR:device_event_log_impl.cc(222)] [21:09:23.672] USB: usb_device_handle_win.cc:1046 Failed to read descriptor from node connection: A device attached to the system is not functioning. (0x1F)
May 04, 2023 21:09:23.690 [12700:15292:0504/210923.690:ERROR:device_event_log_impl.cc(222)] [21:09:23.690] USB: usb_device_handle_win.cc:1046 Failed to read descriptor from node connection: A device attached to the system is not functioning. (0x1F)
May 04, 2023 21:09:27.661 INFO: Created TensorFlow Lite XNNPACK delegate for CPU.
May 04, 2023 21:14:43.548 [13036:17252:0504/211443.534:ERROR:device_event_log_impl.cc(222)] [21:14:43.545] USB: usb_service_win.cc:415 Could not read device interface GUIDs: The system cannot find the file specified. (0x2)
May 04, 2023 21:14:43.548 [13036:17252:0504/211443.548:ERROR:device_event_log_impl.cc(222)] [21:14:43.551] USB: usb_device_handle_win.cc:1046 Failed to read descriptor from node connection: A device attached to the system is not functioning. (0x1F)
May 04, 2023 21:14:43.564 [13036:17252:0504/211443.564:ERROR:device_event_log_impl.cc(222)] [21:14:43.568] USB: usb_device_handle_win.cc:1046 Failed to read descriptor from node connection: A device attached to the system is not functioning. (0x1F)
May 04, 2023 21:14:44.889 INFO: Created TensorFlow Lite XNNPACK delegate for CPU.
May 04, 2023 21:24:03.389 [13036:11840:0504/212403.389:ERROR:connection_factory_impl.cc(472)] ConnectionHandler failed with net error: -2
May 04, 2023 21:25:57.892 [6044:14956:0504/212557.892:ERROR:device_event_log_impl.cc(222)] [21:25:57.892] USB: usb_service_win.cc:415 Could not read device interface GUIDs: The system cannot find the file specified. (0x2)
May 04, 2023 21:25:57.892 [6044:14956:0504/212557.892:ERROR:device_event_log_impl.cc(222)] [21:25:57.895] USB: usb_device_handle_win.cc:1046 Failed to read descriptor from node connection: A device attached to the system is not functioning. (0x1F)
May 04, 2023 21:25:57.908 [6044:14956:0504/212557.908:ERROR:device_event_log_impl.cc(222)] [21:25:57.911] USB: usb_device_handle_win.cc:1046 Failed to read descriptor from node connection: A device attached to the system is not functioning. (0x1F)
May 04, 2023 21:25:59.79 INFO: Created TensorFlow Lite XNNPACK delegate for CPU.
May 04, 2023 21:38:48.627 [6044:14956:0504/213848.627:ERROR:device_event_log_impl.cc(222)] [21:38:48.626] USB: usb_service_win.cc:104 SetupDiGetDeviceProperty({{A45C254E-DF1C-4EFD-8020-67D146A850E0}, 6}) failed: Element not found. (0x490)
May 04, 2023 21:57:53.917 [6044:6688:0504/215753.916:ERROR:connection_factory_impl.cc(472)] ConnectionHandler failed with net error: -2
May 04, 2023 21:59:26.213 [6044:14956:0504/215926.212:ERROR:device_event_log_impl.cc(222)] [21:59:26.212] USB: usb_service_win.cc:104 SetupDiGetDeviceProperty({{A45C254E-DF1C-4EFD-8020-67D146A850E0}, 6}) failed: Element not found. (0x490)
May 04, 2023 22:00:48.737 [6044:14956:0504/220048.737:ERROR:device_event_log_impl.cc(222)] [22:00:48.733] USB: usb_service_win.cc:104 SetupDiGetDeviceProperty({{A45C254E-DF1C-4EFD-8020-67D146A850E0}, 6}) failed: Element not found. (0x490)
May 04, 2023 22:00:48.783 [6044:14956:0504/220048.783:ERROR:device_event_log_impl.cc(222)] [22:00:48.778] USB: usb_service_win.cc:307 SetupDiEnumDeviceInterfaces: No more data is available. (0x103)
May 04, 2023 22:04:36.211 [6044:14956:0504/220436.211:ERROR:device_event_log_impl.cc(222)] [22:04:36.210] USB: usb_service_win.cc:104 SetupDiGetDeviceProperty({{A45C254E-DF1C-4EFD-8020-67D146A850E0}, 6}) failed: Element not found. (0x490)

May 08, 2023 19:52:56.784 NEW SESSION
May 08, 2023 19:52:56.784 [6728:9188:0508/195256.774:ERROR:device_event_log_impl.cc(222)] [19:52:56.773] USB: usb_service_win.cc:415 Could not read device interface GUIDs: The system cannot find the file specified. (0x2)
May 08, 2023 19:52:56.789 [6728:9188:0508/195256.779:ERROR:device_event_log_impl.cc(222)] [19:52:56.778] USB: usb_device_handle_win.cc:1046 Failed to read descriptor from node connection: A device attached to the system is not functioning. (0x1F)
May 08, 2023 19:52:56.795 [6728:9188:0508/195256.794:ERROR:device_event_log_impl.cc(222)] [19:52:56.794] USB: usb_device_handle_win.cc:1046 Failed to read descriptor from node connection: A device attached to the system is not functioning. (0x1F)
May 08, 2023 19:53:01.603 INFO: Created TensorFlow Lite XNNPACK delegate for CPU.
May 08, 2023 20:03:01.666 [16468:2376:0508/200301.666:ERROR:device_event_log_impl.cc(222)] [20:03:01.665] USB: usb_service_win.cc:415 Could not read device interface GUIDs: The system cannot find the file specified. (0x2)
May 08, 2023 20:03:01.749 [16468:2376:0508/200301.668:ERROR:device_event_log_impl.cc(222)] [20:03:01.668] USB: usb_device_handle_win.cc:1046 Failed to read descriptor from node connection: A device attached to the system is not functioning. (0x1F)
May 08, 2023 20:03:01.749 [16468:2376:0508/200301.685:ERROR:device_event_log_impl.cc(222)] [20:03:01.684] USB: usb_device_handle_win.cc:1046 Failed to read descriptor from node connection: A device attached to the system is not functioning. (0x1F)
May 08, 2023 20:03:02.647 INFO: Created TensorFlow Lite XNNPACK delegate for CPU.
May 08, 2023 20:20:55.84 [15552:14384:0508/202055.084:ERROR:device_event_log_impl.cc(222)] [20:20:55.082] USB: usb_service_win.cc:415 Could not read device interface GUIDs: The system cannot find the file specified. (0x2)
May 08, 2023 20:20:55.87 [15552:14384:0508/202055.086:ERROR:device_event_log_impl.cc(222)] [20:20:55.085] USB: usb_device_handle_win.cc:1046 Failed to read descriptor from node connection: A device attached to the system is not functioning. (0x1F)
May 08, 2023 20:20:55.105 [15552:14384:0508/202055.104:ERROR:device_event_log_impl.cc(222)] [20:20:55.103] USB: usb_device_handle_win.cc:1046 Failed to read descriptor from node connection: A device attached to the system is not functioning. (0x1F)
May 08, 2023 20:21:02.887 INFO: Created TensorFlow Lite XNNPACK delegate for CPU.
May 08, 2023 20:21:45.257 [11908:8400:0508/202145.256:ERROR:device_event_log_impl.cc(222)] [20:21:45.257] USB: usb_service_win.cc:415 Could not read device interface GUIDs: The system cannot find the file specified. (0x2)
May 08, 2023 20:21:45.259 [11908:8400:0508/202145.259:ERROR:device_event_log_impl.cc(222)] [20:21:45.259] USB: usb_device_handle_win.cc:1046 Failed to read descriptor from node connection: A device attached to the system is not functioning. (0x1F)
May 08, 2023 20:21:45.277 [11908:8400:0508/202145.276:ERROR:device_event_log_impl.cc(222)] [20:21:45.277] USB: usb_device_handle_win.cc:1046 Failed to read descriptor from node connection: A device attached to the system is not functioning. (0x1F)
May 08, 2023 20:21:46.668 INFO: Created TensorFlow Lite XNNPACK delegate for CPU.
May 08, 2023 21:58:20.309 [6592:13508:0508/215820.309:ERROR:device_event_log_impl.cc(222)] [21:58:20.309] USB: usb_service_win.cc:415 Could not read device interface GUIDs: The system cannot find the file specified. (0x2)
May 08, 2023 21:58:20.326 [6592:13508:0508/215820.311:ERROR:device_event_log_impl.cc(222)] [21:58:20.312] USB: usb_device_handle_win.cc:1046 Failed to read descriptor from node connection: A device attached to the system is not functioning. (0x1F)
May 08, 2023 21:58:20.328 [6592:13508:0508/215820.328:ERROR:device_event_log_impl.cc(222)] [21:58:20.328] USB: usb_device_handle_win.cc:1046 Failed to read descriptor from node connection: A device attached to the system is not functioning. (0x1F)
May 08, 2023 21:58:21.454 INFO: Created TensorFlow Lite XNNPACK delegate for CPU.
May 08, 2023 22:04:43.68 [2216:16584:0508/220443.066:ERROR:device_event_log_impl.cc(222)] [22:04:43.065] USB: usb_service_win.cc:415 Could not read device interface GUIDs: The system cannot find the file specified. (0x2)
May 08, 2023 22:04:43.84 [2216:16584:0508/220443.070:ERROR:device_event_log_impl.cc(222)] [22:04:43.069] USB: usb_device_handle_win.cc:1046 Failed to read descriptor from node connection: A device attached to the system is not functioning. (0x1F)
May 08, 2023 22:04:43.87 [2216:16584:0508/220443.086:ERROR:device_event_log_impl.cc(222)] [22:04:43.085] USB: usb_device_handle_win.cc:1046 Failed to read descriptor from node connection: A device attached to the system is not functioning. (0x1F)
May 08, 2023 22:04:44.883 INFO: Created TensorFlow Lite XNNPACK delegate for CPU.
