[Fri Mar 17 19:34:22.765736 2023] [ssl:warn] [pid 8508:tid 396] AH01909: www.example.com:443:0 server certificate does NOT include an ID which matches the server name
[Fri Mar 17 19:34:22.921990 2023] [ssl:warn] [pid 8508:tid 396] AH01909: www.example.com:443:0 server certificate does NOT include an ID which matches the server name
[Fri Mar 17 19:34:23.484487 2023] [mpm_winnt:notice] [pid 8508:tid 396] AH00455: Apache/2.4.54 (Win64) OpenSSL/1.1.1p PHP/8.2.0 configured -- resuming normal operations
[Fri Mar 17 19:34:23.484487 2023] [mpm_winnt:notice] [pid 8508:tid 396] AH00456: Apache Lounge VS16 Server built: Jun 22 2022 09:58:15
[Fri Mar 17 19:34:23.484487 2023] [core:notice] [pid 8508:tid 396] AH00094: Command line: 'f:\\tops\\xamp\\apache\\bin\\httpd.exe -d F:/Tops/xamp/apache'
[Fri Mar 17 19:34:23.515738 2023] [mpm_winnt:notice] [pid 8508:tid 396] AH00418: Parent: Created child process 1556
[Fri Mar 17 19:34:25.219272 2023] [ssl:warn] [pid 1556:tid 368] AH01909: www.example.com:443:0 server certificate does NOT include an ID which matches the server name
[Fri Mar 17 19:34:25.375522 2023] [ssl:warn] [pid 1556:tid 368] AH01909: www.example.com:443:0 server certificate does NOT include an ID which matches the server name
[Fri Mar 17 19:34:25.453649 2023] [mpm_winnt:notice] [pid 1556:tid 368] AH00354: Child: Starting 150 worker threads.
[Mon Mar 20 16:19:04.207616 2023] [ssl:warn] [pid 7160:tid 348] AH01909: www.example.com:443:0 server certificate does NOT include an ID which matches the server name
[Mon Mar 20 16:19:04.285744 2023] [core:warn] [pid 7160:tid 348] AH00098: pid file F:/Tops/xamp/apache/logs/httpd.pid overwritten -- Unclean shutdown of previous Apache run?
[Mon Mar 20 16:19:04.285744 2023] [ssl:warn] [pid 7160:tid 348] AH01909: www.example.com:443:0 server certificate does NOT include an ID which matches the server name
[Mon Mar 20 16:19:04.895127 2023] [mpm_winnt:notice] [pid 7160:tid 348] AH00455: Apache/2.4.54 (Win64) OpenSSL/1.1.1p PHP/8.2.0 configured -- resuming normal operations
[Mon Mar 20 16:19:04.895127 2023] [mpm_winnt:notice] [pid 7160:tid 348] AH00456: Apache Lounge VS16 Server built: Jun 22 2022 09:58:15
[Mon Mar 20 16:19:04.895127 2023] [core:notice] [pid 7160:tid 348] AH00094: Command line: 'f:\\tops\\xamp\\apache\\bin\\httpd.exe -d F:/Tops/xamp/apache'
[Mon Mar 20 16:19:04.895127 2023] [mpm_winnt:notice] [pid 7160:tid 348] AH00418: Parent: Created child process 16420
[Mon Mar 20 16:19:05.660738 2023] [ssl:warn] [pid 16420:tid 344] AH01909: www.example.com:443:0 server certificate does NOT include an ID which matches the server name
[Mon Mar 20 16:19:05.738868 2023] [ssl:warn] [pid 16420:tid 344] AH01909: www.example.com:443:0 server certificate does NOT include an ID which matches the server name
[Mon Mar 20 16:19:05.801364 2023] [mpm_winnt:notice] [pid 16420:tid 344] AH00354: Child: Starting 150 worker threads.
[Wed Mar 22 14:17:50.360617 2023] [ssl:warn] [pid 3824:tid 376] AH01909: www.example.com:443:0 server certificate does NOT include an ID which matches the server name
[Wed Mar 22 14:17:50.453629 2023] [core:warn] [pid 3824:tid 376] AH00098: pid file F:/Tops/xamp/apache/logs/httpd.pid overwritten -- Unclean shutdown of previous Apache run?
[Wed Mar 22 14:17:50.458636 2023] [ssl:warn] [pid 3824:tid 376] AH01909: www.example.com:443:0 server certificate does NOT include an ID which matches the server name
[Wed Mar 22 14:17:51.330721 2023] [mpm_winnt:notice] [pid 3824:tid 376] AH00455: Apache/2.4.54 (Win64) OpenSSL/1.1.1p PHP/8.2.0 configured -- resuming normal operations
[Wed Mar 22 14:17:51.331721 2023] [mpm_winnt:notice] [pid 3824:tid 376] AH00456: Apache Lounge VS16 Server built: Jun 22 2022 09:58:15
[Wed Mar 22 14:17:51.331721 2023] [core:notice] [pid 3824:tid 376] AH00094: Command line: 'f:\\tops\\xamp\\apache\\bin\\httpd.exe -d F:/Tops/xamp/apache'
[Wed Mar 22 14:17:51.337724 2023] [mpm_winnt:notice] [pid 3824:tid 376] AH00418: Parent: Created child process 10896
[Wed Mar 22 14:17:52.196834 2023] [ssl:warn] [pid 10896:tid 348] AH01909: www.example.com:443:0 server certificate does NOT include an ID which matches the server name
[Wed Mar 22 14:17:52.271811 2023] [ssl:warn] [pid 10896:tid 348] AH01909: www.example.com:443:0 server certificate does NOT include an ID which matches the server name
[Wed Mar 22 14:17:52.329813 2023] [mpm_winnt:notice] [pid 10896:tid 348] AH00354: Child: Starting 150 worker threads.
[Wed Mar 29 14:10:03.194962 2023] [ssl:warn] [pid 7316:tid 384] AH01909: www.example.com:443:0 server certificate does NOT include an ID which matches the server name
[Wed Mar 29 14:10:03.337496 2023] [core:warn] [pid 7316:tid 384] AH00098: pid file F:/Tops/xamp/apache/logs/httpd.pid overwritten -- Unclean shutdown of previous Apache run?
[Wed Mar 29 14:10:03.341494 2023] [ssl:warn] [pid 7316:tid 384] AH01909: www.example.com:443:0 server certificate does NOT include an ID which matches the server name
[Wed Mar 29 14:10:04.650709 2023] [mpm_winnt:notice] [pid 7316:tid 384] AH00455: Apache/2.4.54 (Win64) OpenSSL/1.1.1p PHP/8.2.0 configured -- resuming normal operations
[Wed Mar 29 14:10:04.651706 2023] [mpm_winnt:notice] [pid 7316:tid 384] AH00456: Apache Lounge VS16 Server built: Jun 22 2022 09:58:15
[Wed Mar 29 14:10:04.651706 2023] [core:notice] [pid 7316:tid 384] AH00094: Command line: 'f:\\tops\\xamp\\apache\\bin\\httpd.exe -d F:/Tops/xamp/apache'
[Wed Mar 29 14:10:04.662706 2023] [mpm_winnt:notice] [pid 7316:tid 384] AH00418: Parent: Created child process 10600
[Wed Mar 29 14:10:06.612974 2023] [ssl:warn] [pid 10600:tid 332] AH01909: www.example.com:443:0 server certificate does NOT include an ID which matches the server name
[Wed Mar 29 14:10:06.727040 2023] [ssl:warn] [pid 10600:tid 332] AH01909: www.example.com:443:0 server certificate does NOT include an ID which matches the server name
[Wed Mar 29 14:10:06.893559 2023] [mpm_winnt:notice] [pid 10600:tid 332] AH00354: Child: Starting 150 worker threads.
[Fri Mar 31 11:36:05.954100 2023] [ssl:warn] [pid 17856:tid 340] AH01909: www.example.com:443:0 server certificate does NOT include an ID which matches the server name
[Fri Mar 31 11:36:06.653727 2023] [core:warn] [pid 17856:tid 340] AH00098: pid file F:/Tops/xamp/apache/logs/httpd.pid overwritten -- Unclean shutdown of previous Apache run?
[Fri Mar 31 11:36:06.747301 2023] [ssl:warn] [pid 17856:tid 340] AH01909: www.example.com:443:0 server certificate does NOT include an ID which matches the server name
[Fri Mar 31 11:36:08.537578 2023] [mpm_winnt:notice] [pid 17856:tid 340] AH00455: Apache/2.4.54 (Win64) OpenSSL/1.1.1p PHP/8.2.0 configured -- resuming normal operations
[Fri Mar 31 11:36:08.537578 2023] [mpm_winnt:notice] [pid 17856:tid 340] AH00456: Apache Lounge VS16 Server built: Jun 22 2022 09:58:15
[Fri Mar 31 11:36:08.537578 2023] [core:notice] [pid 17856:tid 340] AH00094: Command line: 'f:\\tops\\xamp\\apache\\bin\\httpd.exe -d F:/Tops/xamp/apache'
[Fri Mar 31 11:36:08.570578 2023] [mpm_winnt:notice] [pid 17856:tid 340] AH00418: Parent: Created child process 1908
[Fri Mar 31 11:36:11.209136 2023] [ssl:warn] [pid 1908:tid 332] AH01909: www.example.com:443:0 server certificate does NOT include an ID which matches the server name
[Fri Mar 31 11:36:11.482286 2023] [ssl:warn] [pid 1908:tid 332] AH01909: www.example.com:443:0 server certificate does NOT include an ID which matches the server name
[Fri Mar 31 11:36:11.787958 2023] [mpm_winnt:notice] [pid 1908:tid 332] AH00354: Child: Starting 150 worker threads.
[Fri Mar 31 16:41:39.365987 2023] [ssl:warn] [pid 7852:tid 368] AH01909: www.example.com:443:0 server certificate does NOT include an ID which matches the server name
[Fri Mar 31 16:41:39.631616 2023] [core:warn] [pid 7852:tid 368] AH00098: pid file F:/Tops/xamp/apache/logs/httpd.pid overwritten -- Unclean shutdown of previous Apache run?
[Fri Mar 31 16:41:39.631616 2023] [ssl:warn] [pid 7852:tid 368] AH01909: www.example.com:443:0 server certificate does NOT include an ID which matches the server name
[Fri Mar 31 16:41:40.953055 2023] [mpm_winnt:notice] [pid 7852:tid 368] AH00455: Apache/2.4.54 (Win64) OpenSSL/1.1.1p PHP/8.2.0 configured -- resuming normal operations
[Fri Mar 31 16:41:40.968676 2023] [mpm_winnt:notice] [pid 7852:tid 368] AH00456: Apache Lounge VS16 Server built: Jun 22 2022 09:58:15
[Fri Mar 31 16:41:40.968676 2023] [core:notice] [pid 7852:tid 368] AH00094: Command line: 'f:\\tops\\xamp\\apache\\bin\\httpd.exe -d F:/Tops/xamp/apache'
[Fri Mar 31 16:41:41.027422 2023] [mpm_winnt:notice] [pid 7852:tid 368] AH00418: Parent: Created child process 14316
[Fri Mar 31 16:41:43.403624 2023] [ssl:warn] [pid 14316:tid 384] AH01909: www.example.com:443:0 server certificate does NOT include an ID which matches the server name
[Fri Mar 31 16:41:43.540297 2023] [ssl:warn] [pid 14316:tid 384] AH01909: www.example.com:443:0 server certificate does NOT include an ID which matches the server name
[Fri Mar 31 16:41:43.673331 2023] [mpm_winnt:notice] [pid 14316:tid 384] AH00354: Child: Starting 150 worker threads.
[Sun Apr 02 21:58:42.297248 2023] [ssl:warn] [pid 12868:tid 336] AH01909: www.example.com:443:0 server certificate does NOT include an ID which matches the server name
[Sun Apr 02 21:58:42.447246 2023] [core:warn] [pid 12868:tid 336] AH00098: pid file F:/Tops/xamp/apache/logs/httpd.pid overwritten -- Unclean shutdown of previous Apache run?
[Sun Apr 02 21:58:42.464256 2023] [ssl:warn] [pid 12868:tid 336] AH01909: www.example.com:443:0 server certificate does NOT include an ID which matches the server name
[Sun Apr 02 21:58:43.415248 2023] [mpm_winnt:notice] [pid 12868:tid 336] AH00455: Apache/2.4.54 (Win64) OpenSSL/1.1.1p PHP/8.2.0 configured -- resuming normal operations
[Sun Apr 02 21:58:43.415248 2023] [mpm_winnt:notice] [pid 12868:tid 336] AH00456: Apache Lounge VS16 Server built: Jun 22 2022 09:58:15
[Sun Apr 02 21:58:43.415248 2023] [core:notice] [pid 12868:tid 336] AH00094: Command line: 'f:\\tops\\xamp\\apache\\bin\\httpd.exe -d F:/Tops/xamp/apache'
[Sun Apr 02 21:58:43.427249 2023] [mpm_winnt:notice] [pid 12868:tid 336] AH00418: Parent: Created child process 12804
[Sun Apr 02 21:58:45.374251 2023] [ssl:warn] [pid 12804:tid 340] AH01909: www.example.com:443:0 server certificate does NOT include an ID which matches the server name
[Sun Apr 02 21:58:45.798250 2023] [ssl:warn] [pid 12804:tid 340] AH01909: www.example.com:443:0 server certificate does NOT include an ID which matches the server name
[Sun Apr 02 21:58:46.066247 2023] [mpm_winnt:notice] [pid 12804:tid 340] AH00354: Child: Starting 150 worker threads.
[Sun Apr 02 23:00:55.091657 2023] [ssl:warn] [pid 12476:tid 352] AH01909: www.example.com:443:0 server certificate does NOT include an ID which matches the server name
[Sun Apr 02 23:00:55.188774 2023] [core:warn] [pid 12476:tid 352] AH00098: pid file F:/Tops/xamp/apache/logs/httpd.pid overwritten -- Unclean shutdown of previous Apache run?
[Sun Apr 02 23:00:55.192793 2023] [ssl:warn] [pid 12476:tid 352] AH01909: www.example.com:443:0 server certificate does NOT include an ID which matches the server name
[Sun Apr 02 23:00:55.252310 2023] [mpm_winnt:notice] [pid 12476:tid 352] AH00455: Apache/2.4.54 (Win64) OpenSSL/1.1.1p PHP/8.2.0 configured -- resuming normal operations
[Sun Apr 02 23:00:55.252310 2023] [mpm_winnt:notice] [pid 12476:tid 352] AH00456: Apache Lounge VS16 Server built: Jun 22 2022 09:58:15
[Sun Apr 02 23:00:55.252310 2023] [core:notice] [pid 12476:tid 352] AH00094: Command line: 'f:\\tops\\xamp\\apache\\bin\\httpd.exe -d F:/Tops/xamp/apache'
[Sun Apr 02 23:00:55.259313 2023] [mpm_winnt:notice] [pid 12476:tid 352] AH00418: Parent: Created child process 6160
[Sun Apr 02 23:00:56.254010 2023] [ssl:warn] [pid 6160:tid 384] AH01909: www.example.com:443:0 server certificate does NOT include an ID which matches the server name
[Sun Apr 02 23:00:56.332383 2023] [ssl:warn] [pid 6160:tid 384] AH01909: www.example.com:443:0 server certificate does NOT include an ID which matches the server name
[Sun Apr 02 23:00:56.389382 2023] [mpm_winnt:notice] [pid 6160:tid 384] AH00354: Child: Starting 150 worker threads.
[Mon Apr 03 16:29:33.412072 2023] [ssl:warn] [pid 9000:tid 336] AH01909: www.example.com:443:0 server certificate does NOT include an ID which matches the server name
[Mon Apr 03 16:29:33.692067 2023] [core:warn] [pid 9000:tid 336] AH00098: pid file F:/Tops/xamp/apache/logs/httpd.pid overwritten -- Unclean shutdown of previous Apache run?
[Mon Apr 03 16:29:33.700077 2023] [ssl:warn] [pid 9000:tid 336] AH01909: www.example.com:443:0 server certificate does NOT include an ID which matches the server name
[Mon Apr 03 16:29:33.900064 2023] [mpm_winnt:notice] [pid 9000:tid 336] AH00455: Apache/2.4.54 (Win64) OpenSSL/1.1.1p PHP/8.2.0 configured -- resuming normal operations
[Mon Apr 03 16:29:33.900064 2023] [mpm_winnt:notice] [pid 9000:tid 336] AH00456: Apache Lounge VS16 Server built: Jun 22 2022 09:58:15
[Mon Apr 03 16:29:33.900064 2023] [core:notice] [pid 9000:tid 336] AH00094: Command line: 'f:\\tops\\xamp\\apache\\bin\\httpd.exe -d F:/Tops/xamp/apache'
[Mon Apr 03 16:29:33.940064 2023] [mpm_winnt:notice] [pid 9000:tid 336] AH00418: Parent: Created child process 7400
[Mon Apr 03 16:29:36.373252 2023] [ssl:warn] [pid 7400:tid 344] AH01909: www.example.com:443:0 server certificate does NOT include an ID which matches the server name
[Mon Apr 03 16:29:36.637252 2023] [ssl:warn] [pid 7400:tid 344] AH01909: www.example.com:443:0 server certificate does NOT include an ID which matches the server name
[Mon Apr 03 16:29:36.821251 2023] [mpm_winnt:notice] [pid 7400:tid 344] AH00354: Child: Starting 150 worker threads.
[Wed Apr 05 16:46:10.683061 2023] [ssl:warn] [pid 16252:tid 348] AH01909: www.example.com:443:0 server certificate does NOT include an ID which matches the server name
[Wed Apr 05 16:46:10.949989 2023] [core:warn] [pid 16252:tid 348] AH00098: pid file F:/Tops/xamp/apache/logs/httpd.pid overwritten -- Unclean shutdown of previous Apache run?
[Wed Apr 05 16:46:10.949989 2023] [ssl:warn] [pid 16252:tid 348] AH01909: www.example.com:443:0 server certificate does NOT include an ID which matches the server name
[Wed Apr 05 16:46:11.844660 2023] [mpm_winnt:notice] [pid 16252:tid 348] AH00455: Apache/2.4.54 (Win64) OpenSSL/1.1.1p PHP/8.2.0 configured -- resuming normal operations
[Wed Apr 05 16:46:11.844660 2023] [mpm_winnt:notice] [pid 16252:tid 348] AH00456: Apache Lounge VS16 Server built: Jun 22 2022 09:58:15
[Wed Apr 05 16:46:11.844660 2023] [core:notice] [pid 16252:tid 348] AH00094: Command line: 'f:\\tops\\xamp\\apache\\bin\\httpd.exe -d F:/Tops/xamp/apache'
[Wed Apr 05 16:46:11.860317 2023] [mpm_winnt:notice] [pid 16252:tid 348] AH00418: Parent: Created child process 10828
[Wed Apr 05 16:46:13.727338 2023] [ssl:warn] [pid 10828:tid 352] AH01909: www.example.com:443:0 server certificate does NOT include an ID which matches the server name
[Wed Apr 05 16:46:13.900161 2023] [ssl:warn] [pid 10828:tid 352] AH01909: www.example.com:443:0 server certificate does NOT include an ID which matches the server name
[Wed Apr 05 16:46:14.072464 2023] [mpm_winnt:notice] [pid 10828:tid 352] AH00354: Child: Starting 150 worker threads.
[Fri Apr 07 19:55:56.117247 2023] [ssl:warn] [pid 6892:tid 336] AH01909: www.example.com:443:0 server certificate does NOT include an ID which matches the server name
[Fri Apr 07 19:55:56.422096 2023] [core:warn] [pid 6892:tid 336] AH00098: pid file F:/Tops/xamp/apache/logs/httpd.pid overwritten -- Unclean shutdown of previous Apache run?
[Fri Apr 07 19:55:56.438095 2023] [ssl:warn] [pid 6892:tid 336] AH01909: www.example.com:443:0 server certificate does NOT include an ID which matches the server name
[Fri Apr 07 19:55:56.785016 2023] [mpm_winnt:notice] [pid 6892:tid 336] AH00455: Apache/2.4.54 (Win64) OpenSSL/1.1.1p PHP/8.2.0 configured -- resuming normal operations
[Fri Apr 07 19:55:56.785016 2023] [mpm_winnt:notice] [pid 6892:tid 336] AH00456: Apache Lounge VS16 Server built: Jun 22 2022 09:58:15
[Fri Apr 07 19:55:56.785016 2023] [core:notice] [pid 6892:tid 336] AH00094: Command line: 'f:\\tops\\xamp\\apache\\bin\\httpd.exe -d F:/Tops/xamp/apache'
[Fri Apr 07 19:55:57.322095 2023] [mpm_winnt:notice] [pid 6892:tid 336] AH00418: Parent: Created child process 3720
[Fri Apr 07 19:56:04.697148 2023] [ssl:warn] [pid 3720:tid 332] AH01909: www.example.com:443:0 server certificate does NOT include an ID which matches the server name
[Fri Apr 07 19:56:05.337111 2023] [ssl:warn] [pid 3720:tid 332] AH01909: www.example.com:443:0 server certificate does NOT include an ID which matches the server name
[Fri Apr 07 19:56:06.205693 2023] [mpm_winnt:notice] [pid 3720:tid 332] AH00354: Child: Starting 150 worker threads.
[Mon Apr 10 09:19:29.321257 2023] [ssl:warn] [pid 13624:tid 364] AH01909: www.example.com:443:0 server certificate does NOT include an ID which matches the server name
[Mon Apr 10 09:19:29.446255 2023] [core:warn] [pid 13624:tid 364] AH00098: pid file F:/Tops/xamp/apache/logs/httpd.pid overwritten -- Unclean shutdown of previous Apache run?
[Mon Apr 10 09:19:29.446255 2023] [ssl:warn] [pid 13624:tid 364] AH01909: www.example.com:443:0 server certificate does NOT include an ID which matches the server name
[Mon Apr 10 09:19:30.008750 2023] [mpm_winnt:notice] [pid 13624:tid 364] AH00455: Apache/2.4.54 (Win64) OpenSSL/1.1.1p PHP/8.2.0 configured -- resuming normal operations
[Mon Apr 10 09:19:30.008750 2023] [mpm_winnt:notice] [pid 13624:tid 364] AH00456: Apache Lounge VS16 Server built: Jun 22 2022 09:58:15
[Mon Apr 10 09:19:30.008750 2023] [core:notice] [pid 13624:tid 364] AH00094: Command line: 'f:\\tops\\xamp\\apache\\bin\\httpd.exe -d F:/Tops/xamp/apache'
[Mon Apr 10 09:19:30.024379 2023] [mpm_winnt:notice] [pid 13624:tid 364] AH00418: Parent: Created child process 6892
[Mon Apr 10 09:19:30.860340 2023] [ssl:warn] [pid 6892:tid 348] AH01909: www.example.com:443:0 server certificate does NOT include an ID which matches the server name
[Mon Apr 10 09:19:30.985328 2023] [ssl:warn] [pid 6892:tid 348] AH01909: www.example.com:443:0 server certificate does NOT include an ID which matches the server name
[Mon Apr 10 09:19:31.047827 2023] [mpm_winnt:notice] [pid 6892:tid 348] AH00354: Child: Starting 150 worker threads.
[Wed Apr 12 09:29:16.674011 2023] [ssl:warn] [pid 15988:tid 336] AH01909: www.example.com:443:0 server certificate does NOT include an ID which matches the server name
[Wed Apr 12 09:29:17.090434 2023] [core:warn] [pid 15988:tid 336] AH00098: pid file F:/Tops/xamp/apache/logs/httpd.pid overwritten -- Unclean shutdown of previous Apache run?
[Wed Apr 12 09:29:17.096430 2023] [ssl:warn] [pid 15988:tid 336] AH01909: www.example.com:443:0 server certificate does NOT include an ID which matches the server name
[Wed Apr 12 09:29:18.073945 2023] [mpm_winnt:notice] [pid 15988:tid 336] AH00455: Apache/2.4.54 (Win64) OpenSSL/1.1.1p PHP/8.2.0 configured -- resuming normal operations
[Wed Apr 12 09:29:18.073945 2023] [mpm_winnt:notice] [pid 15988:tid 336] AH00456: Apache Lounge VS16 Server built: Jun 22 2022 09:58:15
[Wed Apr 12 09:29:18.073945 2023] [core:notice] [pid 15988:tid 336] AH00094: Command line: 'f:\\tops\\xamp\\apache\\bin\\httpd.exe -d F:/Tops/xamp/apache'
[Wed Apr 12 09:29:18.088937 2023] [mpm_winnt:notice] [pid 15988:tid 336] AH00418: Parent: Created child process 7568
[Wed Apr 12 09:29:19.438605 2023] [ssl:warn] [pid 7568:tid 336] AH01909: www.example.com:443:0 server certificate does NOT include an ID which matches the server name
[Wed Apr 12 09:29:19.706628 2023] [ssl:warn] [pid 7568:tid 336] AH01909: www.example.com:443:0 server certificate does NOT include an ID which matches the server name
[Wed Apr 12 09:29:19.931636 2023] [mpm_winnt:notice] [pid 7568:tid 336] AH00354: Child: Starting 150 worker threads.
[Wed Apr 19 14:16:59.161274 2023] [ssl:warn] [pid 12816:tid 348] AH01909: www.example.com:443:0 server certificate does NOT include an ID which matches the server name
[Wed Apr 19 14:16:59.364385 2023] [core:warn] [pid 12816:tid 348] AH00098: pid file F:/Tops/xamp/apache/logs/httpd.pid overwritten -- Unclean shutdown of previous Apache run?
[Wed Apr 19 14:16:59.380019 2023] [ssl:warn] [pid 12816:tid 348] AH01909: www.example.com:443:0 server certificate does NOT include an ID which matches the server name
[Wed Apr 19 14:17:02.398167 2023] [mpm_winnt:notice] [pid 12816:tid 348] AH00455: Apache/2.4.54 (Win64) OpenSSL/1.1.1p PHP/8.2.0 configured -- resuming normal operations
[Wed Apr 19 14:17:02.398167 2023] [mpm_winnt:notice] [pid 12816:tid 348] AH00456: Apache Lounge VS16 Server built: Jun 22 2022 09:58:15
[Wed Apr 19 14:17:02.398167 2023] [core:notice] [pid 12816:tid 348] AH00094: Command line: 'f:\\tops\\xamp\\apache\\bin\\httpd.exe -d F:/Tops/xamp/apache'
[Wed Apr 19 14:17:02.429408 2023] [mpm_winnt:notice] [pid 12816:tid 348] AH00418: Parent: Created child process 15420
[Wed Apr 19 14:17:04.841412 2023] [ssl:warn] [pid 15420:tid 344] AH01909: www.example.com:443:0 server certificate does NOT include an ID which matches the server name
[Wed Apr 19 14:17:05.107035 2023] [ssl:warn] [pid 15420:tid 344] AH01909: www.example.com:443:0 server certificate does NOT include an ID which matches the server name
[Wed Apr 19 14:17:05.232956 2023] [mpm_winnt:notice] [pid 15420:tid 344] AH00354: Child: Starting 150 worker threads.
[Fri Apr 21 16:31:52.039557 2023] [ssl:warn] [pid 8696:tid 344] AH01909: www.example.com:443:0 server certificate does NOT include an ID which matches the server name
[Fri Apr 21 16:31:52.227062 2023] [core:warn] [pid 8696:tid 344] AH00098: pid file F:/Tops/xamp/apache/logs/httpd.pid overwritten -- Unclean shutdown of previous Apache run?
[Fri Apr 21 16:31:52.227062 2023] [ssl:warn] [pid 8696:tid 344] AH01909: www.example.com:443:0 server certificate does NOT include an ID which matches the server name
[Fri Apr 21 16:31:52.789559 2023] [mpm_winnt:notice] [pid 8696:tid 344] AH00455: Apache/2.4.54 (Win64) OpenSSL/1.1.1p PHP/8.2.0 configured -- resuming normal operations
[Fri Apr 21 16:31:52.789559 2023] [mpm_winnt:notice] [pid 8696:tid 344] AH00456: Apache Lounge VS16 Server built: Jun 22 2022 09:58:15
[Fri Apr 21 16:31:52.789559 2023] [core:notice] [pid 8696:tid 344] AH00094: Command line: 'f:\\tops\\xamp\\apache\\bin\\httpd.exe -d F:/Tops/xamp/apache'
[Fri Apr 21 16:31:52.805181 2023] [mpm_winnt:notice] [pid 8696:tid 344] AH00418: Parent: Created child process 11892
[Fri Apr 21 16:31:53.680183 2023] [ssl:warn] [pid 11892:tid 180] AH01909: www.example.com:443:0 server certificate does NOT include an ID which matches the server name
[Fri Apr 21 16:31:53.805179 2023] [ssl:warn] [pid 11892:tid 180] AH01909: www.example.com:443:0 server certificate does NOT include an ID which matches the server name
[Fri Apr 21 16:31:53.852058 2023] [mpm_winnt:notice] [pid 11892:tid 180] AH00354: Child: Starting 150 worker threads.
[Mon Apr 24 14:47:19.770249 2023] [ssl:warn] [pid 13936:tid 336] AH01909: www.example.com:443:0 server certificate does NOT include an ID which matches the server name
[Mon Apr 24 14:47:20.289008 2023] [core:warn] [pid 13936:tid 336] AH00098: pid file F:/Tops/xamp/apache/logs/httpd.pid overwritten -- Unclean shutdown of previous Apache run?
[Mon Apr 24 14:47:20.303030 2023] [ssl:warn] [pid 13936:tid 336] AH01909: www.example.com:443:0 server certificate does NOT include an ID which matches the server name
[Mon Apr 24 14:47:25.904924 2023] [mpm_winnt:notice] [pid 13936:tid 336] AH00455: Apache/2.4.54 (Win64) OpenSSL/1.1.1p PHP/8.2.0 configured -- resuming normal operations
[Mon Apr 24 14:47:25.904924 2023] [mpm_winnt:notice] [pid 13936:tid 336] AH00456: Apache Lounge VS16 Server built: Jun 22 2022 09:58:15
[Mon Apr 24 14:47:25.904924 2023] [core:notice] [pid 13936:tid 336] AH00094: Command line: 'f:\\tops\\xamp\\apache\\bin\\httpd.exe -d F:/Tops/xamp/apache'
[Mon Apr 24 14:47:25.933468 2023] [mpm_winnt:notice] [pid 13936:tid 336] AH00418: Parent: Created child process 4920
[Mon Apr 24 14:47:29.051444 2023] [ssl:warn] [pid 4920:tid 340] AH01909: www.example.com:443:0 server certificate does NOT include an ID which matches the server name
[Mon Apr 24 14:47:29.318114 2023] [ssl:warn] [pid 4920:tid 340] AH01909: www.example.com:443:0 server certificate does NOT include an ID which matches the server name
[Mon Apr 24 14:47:29.747314 2023] [mpm_winnt:notice] [pid 4920:tid 340] AH00354: Child: Starting 150 worker threads.
[Wed Apr 26 14:12:21.264228 2023] [ssl:warn] [pid 6572:tid 360] AH01909: www.example.com:443:0 server certificate does NOT include an ID which matches the server name
[Wed Apr 26 14:12:21.612279 2023] [core:warn] [pid 6572:tid 360] AH00098: pid file F:/Tops/xamp/apache/logs/httpd.pid overwritten -- Unclean shutdown of previous Apache run?
[Wed Apr 26 14:12:21.620276 2023] [ssl:warn] [pid 6572:tid 360] AH01909: www.example.com:443:0 server certificate does NOT include an ID which matches the server name
[Wed Apr 26 14:12:24.971807 2023] [mpm_winnt:notice] [pid 6572:tid 360] AH00455: Apache/2.4.54 (Win64) OpenSSL/1.1.1p PHP/8.2.0 configured -- resuming normal operations
[Wed Apr 26 14:12:24.972795 2023] [mpm_winnt:notice] [pid 6572:tid 360] AH00456: Apache Lounge VS16 Server built: Jun 22 2022 09:58:15
[Wed Apr 26 14:12:24.972795 2023] [core:notice] [pid 6572:tid 360] AH00094: Command line: 'f:\\tops\\xamp\\apache\\bin\\httpd.exe -d F:/Tops/xamp/apache'
[Wed Apr 26 14:12:24.995355 2023] [mpm_winnt:notice] [pid 6572:tid 360] AH00418: Parent: Created child process 6556
[Wed Apr 26 14:12:28.320133 2023] [ssl:warn] [pid 6556:tid 332] AH01909: www.example.com:443:0 server certificate does NOT include an ID which matches the server name
[Wed Apr 26 14:12:28.506530 2023] [ssl:warn] [pid 6556:tid 332] AH01909: www.example.com:443:0 server certificate does NOT include an ID which matches the server name
[Wed Apr 26 14:12:28.683045 2023] [mpm_winnt:notice] [pid 6556:tid 332] AH00354: Child: Starting 150 worker threads.
[Sun Apr 30 20:24:19.887412 2023] [ssl:warn] [pid 13124:tid 224] AH01909: www.example.com:443:0 server certificate does NOT include an ID which matches the server name
[Sun Apr 30 20:24:20.073414 2023] [core:warn] [pid 13124:tid 224] AH00098: pid file F:/Tops/xamp/apache/logs/httpd.pid overwritten -- Unclean shutdown of previous Apache run?
[Sun Apr 30 20:24:20.082409 2023] [ssl:warn] [pid 13124:tid 224] AH01909: www.example.com:443:0 server certificate does NOT include an ID which matches the server name
[Sun Apr 30 20:24:21.580409 2023] [mpm_winnt:notice] [pid 13124:tid 224] AH00455: Apache/2.4.54 (Win64) OpenSSL/1.1.1p PHP/8.2.0 configured -- resuming normal operations
[Sun Apr 30 20:24:21.581408 2023] [mpm_winnt:notice] [pid 13124:tid 224] AH00456: Apache Lounge VS16 Server built: Jun 22 2022 09:58:15
[Sun Apr 30 20:24:21.581408 2023] [core:notice] [pid 13124:tid 224] AH00094: Command line: 'f:\\tops\\xamp\\apache\\bin\\httpd.exe -d F:/Tops/xamp/apache'
[Sun Apr 30 20:24:21.602410 2023] [mpm_winnt:notice] [pid 13124:tid 224] AH00418: Parent: Created child process 7216
[Sun Apr 30 20:24:31.296621 2023] [ssl:warn] [pid 7216:tid 332] AH01909: www.example.com:443:0 server certificate does NOT include an ID which matches the server name
[Sun Apr 30 20:24:31.810429 2023] [ssl:warn] [pid 7216:tid 332] AH01909: www.example.com:443:0 server certificate does NOT include an ID which matches the server name
[Sun Apr 30 20:24:32.845679 2023] [mpm_winnt:notice] [pid 7216:tid 332] AH00354: Child: Starting 150 worker threads.
[Mon May 01 16:29:12.125903 2023] [ssl:warn] [pid 10968:tid 344] AH01909: www.example.com:443:0 server certificate does NOT include an ID which matches the server name
[Mon May 01 16:29:12.352031 2023] [core:warn] [pid 10968:tid 344] AH00098: pid file F:/Tops/xamp/apache/logs/httpd.pid overwritten -- Unclean shutdown of previous Apache run?
[Mon May 01 16:29:12.358028 2023] [ssl:warn] [pid 10968:tid 344] AH01909: www.example.com:443:0 server certificate does NOT include an ID which matches the server name
[Mon May 01 16:29:13.466898 2023] [mpm_winnt:notice] [pid 10968:tid 344] AH00455: Apache/2.4.54 (Win64) OpenSSL/1.1.1p PHP/8.2.0 configured -- resuming normal operations
[Mon May 01 16:29:13.467896 2023] [mpm_winnt:notice] [pid 10968:tid 344] AH00456: Apache Lounge VS16 Server built: Jun 22 2022 09:58:15
[Mon May 01 16:29:13.467896 2023] [core:notice] [pid 10968:tid 344] AH00094: Command line: 'f:\\tops\\xamp\\apache\\bin\\httpd.exe -d F:/Tops/xamp/apache'
[Mon May 01 16:29:13.496448 2023] [mpm_winnt:notice] [pid 10968:tid 344] AH00418: Parent: Created child process 9244
[Mon May 01 16:29:17.010243 2023] [ssl:warn] [pid 9244:tid 360] AH01909: www.example.com:443:0 server certificate does NOT include an ID which matches the server name
[Mon May 01 16:29:17.330940 2023] [ssl:warn] [pid 9244:tid 360] AH01909: www.example.com:443:0 server certificate does NOT include an ID which matches the server name
[Mon May 01 16:29:17.508090 2023] [mpm_winnt:notice] [pid 9244:tid 360] AH00354: Child: Starting 150 worker threads.
[Mon May 01 21:50:21.954040 2023] [ssl:warn] [pid 14192:tid 356] AH01909: www.example.com:443:0 server certificate does NOT include an ID which matches the server name
[Mon May 01 21:50:22.168053 2023] [core:warn] [pid 14192:tid 356] AH00098: pid file F:/Tops/xamp/apache/logs/httpd.pid overwritten -- Unclean shutdown of previous Apache run?
[Mon May 01 21:50:22.179056 2023] [ssl:warn] [pid 14192:tid 356] AH01909: www.example.com:443:0 server certificate does NOT include an ID which matches the server name
[Mon May 01 21:50:23.621050 2023] [mpm_winnt:notice] [pid 14192:tid 356] AH00455: Apache/2.4.54 (Win64) OpenSSL/1.1.1p PHP/8.2.0 configured -- resuming normal operations
[Mon May 01 21:50:23.621050 2023] [mpm_winnt:notice] [pid 14192:tid 356] AH00456: Apache Lounge VS16 Server built: Jun 22 2022 09:58:15
[Mon May 01 21:50:23.621050 2023] [core:notice] [pid 14192:tid 356] AH00094: Command line: 'f:\\tops\\xamp\\apache\\bin\\httpd.exe -d F:/Tops/xamp/apache'
[Mon May 01 21:50:23.636044 2023] [mpm_winnt:notice] [pid 14192:tid 356] AH00418: Parent: Created child process 14828
[Mon May 01 21:50:25.261887 2023] [ssl:warn] [pid 14828:tid 344] AH01909: www.example.com:443:0 server certificate does NOT include an ID which matches the server name
[Mon May 01 21:50:25.375373 2023] [ssl:warn] [pid 14828:tid 344] AH01909: www.example.com:443:0 server certificate does NOT include an ID which matches the server name
[Mon May 01 21:50:25.506374 2023] [mpm_winnt:notice] [pid 14828:tid 344] AH00354: Child: Starting 150 worker threads.
[Wed May 03 17:50:52.052586 2023] [ssl:warn] [pid 10080:tid 364] AH01909: www.example.com:443:0 server certificate does NOT include an ID which matches the server name
[Wed May 03 17:50:52.162406 2023] [core:warn] [pid 10080:tid 364] AH00098: pid file F:/Tops/xamp/apache/logs/httpd.pid overwritten -- Unclean shutdown of previous Apache run?
[Wed May 03 17:50:52.162406 2023] [ssl:warn] [pid 10080:tid 364] AH01909: www.example.com:443:0 server certificate does NOT include an ID which matches the server name
[Wed May 03 17:50:52.616777 2023] [mpm_winnt:notice] [pid 10080:tid 364] AH00455: Apache/2.4.54 (Win64) OpenSSL/1.1.1p PHP/8.2.0 configured -- resuming normal operations
[Wed May 03 17:50:52.616777 2023] [mpm_winnt:notice] [pid 10080:tid 364] AH00456: Apache Lounge VS16 Server built: Jun 22 2022 09:58:15
[Wed May 03 17:50:52.616777 2023] [core:notice] [pid 10080:tid 364] AH00094: Command line: 'f:\\tops\\xamp\\apache\\bin\\httpd.exe -d F:/Tops/xamp/apache'
[Wed May 03 17:50:52.638927 2023] [mpm_winnt:notice] [pid 10080:tid 364] AH00418: Parent: Created child process 4976
[Wed May 03 17:50:53.841679 2023] [ssl:warn] [pid 4976:tid 336] AH01909: www.example.com:443:0 server certificate does NOT include an ID which matches the server name
[Wed May 03 17:50:54.076324 2023] [ssl:warn] [pid 4976:tid 336] AH01909: www.example.com:443:0 server certificate does NOT include an ID which matches the server name
[Wed May 03 17:50:54.154846 2023] [mpm_winnt:notice] [pid 4976:tid 336] AH00354: Child: Starting 150 worker threads.
[Thu May 04 21:07:35.455019 2023] [ssl:warn] [pid 7796:tid 356] AH01909: www.example.com:443:0 server certificate does NOT include an ID which matches the server name
[Thu May 04 21:07:35.636287 2023] [core:warn] [pid 7796:tid 356] AH00098: pid file F:/Tops/xamp/apache/logs/httpd.pid overwritten -- Unclean shutdown of previous Apache run?
[Thu May 04 21:07:35.644293 2023] [ssl:warn] [pid 7796:tid 356] AH01909: www.example.com:443:0 server certificate does NOT include an ID which matches the server name
[Thu May 04 21:07:36.784543 2023] [mpm_winnt:notice] [pid 7796:tid 356] AH00455: Apache/2.4.54 (Win64) OpenSSL/1.1.1p PHP/8.2.0 configured -- resuming normal operations
[Thu May 04 21:07:36.784543 2023] [mpm_winnt:notice] [pid 7796:tid 356] AH00456: Apache Lounge VS16 Server built: Jun 22 2022 09:58:15
[Thu May 04 21:07:36.784543 2023] [core:notice] [pid 7796:tid 356] AH00094: Command line: 'f:\\tops\\xamp\\apache\\bin\\httpd.exe -d F:/Tops/xamp/apache'
[Thu May 04 21:07:36.798549 2023] [mpm_winnt:notice] [pid 7796:tid 356] AH00418: Parent: Created child process 17148
[Thu May 04 21:07:38.339839 2023] [ssl:warn] [pid 17148:tid 336] AH01909: www.example.com:443:0 server certificate does NOT include an ID which matches the server name
[Thu May 04 21:07:38.507591 2023] [ssl:warn] [pid 17148:tid 336] AH01909: www.example.com:443:0 server certificate does NOT include an ID which matches the server name
[Thu May 04 21:07:38.669576 2023] [mpm_winnt:notice] [pid 17148:tid 336] AH00354: Child: Starting 150 worker threads.
[Mon May 08 19:51:34.116732 2023] [ssl:warn] [pid 13476:tid 340] AH01909: www.example.com:443:0 server certificate does NOT include an ID which matches the server name
[Mon May 08 19:51:34.292336 2023] [core:warn] [pid 13476:tid 340] AH00098: pid file F:/Tops/xamp/apache/logs/httpd.pid overwritten -- Unclean shutdown of previous Apache run?
[Mon May 08 19:51:34.300335 2023] [ssl:warn] [pid 13476:tid 340] AH01909: www.example.com:443:0 server certificate does NOT include an ID which matches the server name
[Mon May 08 19:51:35.111010 2023] [mpm_winnt:notice] [pid 13476:tid 340] AH00455: Apache/2.4.54 (Win64) OpenSSL/1.1.1p PHP/8.2.0 configured -- resuming normal operations
[Mon May 08 19:51:35.112010 2023] [mpm_winnt:notice] [pid 13476:tid 340] AH00456: Apache Lounge VS16 Server built: Jun 22 2022 09:58:15
[Mon May 08 19:51:35.112010 2023] [core:notice] [pid 13476:tid 340] AH00094: Command line: 'f:\\tops\\xamp\\apache\\bin\\httpd.exe -d F:/Tops/xamp/apache'
[Mon May 08 19:51:35.124008 2023] [mpm_winnt:notice] [pid 13476:tid 340] AH00418: Parent: Created child process 10328
[Mon May 08 19:51:36.667516 2023] [ssl:warn] [pid 10328:tid 344] AH01909: www.example.com:443:0 server certificate does NOT include an ID which matches the server name
[Mon May 08 19:51:36.924195 2023] [ssl:warn] [pid 10328:tid 344] AH01909: www.example.com:443:0 server certificate does NOT include an ID which matches the server name
[Mon May 08 19:51:37.068765 2023] [mpm_winnt:notice] [pid 10328:tid 344] AH00354: Child: Starting 150 worker threads.
[Wed May 10 15:40:12.677332 2023] [ssl:warn] [pid 7200:tid 376] AH01909: www.example.com:443:0 server certificate does NOT include an ID which matches the server name
[Wed May 10 15:40:12.836234 2023] [core:warn] [pid 7200:tid 376] AH00098: pid file F:/Tops/xamp/apache/logs/httpd.pid overwritten -- Unclean shutdown of previous Apache run?
[Wed May 10 15:40:12.846239 2023] [ssl:warn] [pid 7200:tid 376] AH01909: www.example.com:443:0 server certificate does NOT include an ID which matches the server name
[Wed May 10 15:40:13.440238 2023] [mpm_winnt:notice] [pid 7200:tid 376] AH00455: Apache/2.4.54 (Win64) OpenSSL/1.1.1p PHP/8.2.0 configured -- resuming normal operations
[Wed May 10 15:40:13.440238 2023] [mpm_winnt:notice] [pid 7200:tid 376] AH00456: Apache Lounge VS16 Server built: Jun 22 2022 09:58:15
[Wed May 10 15:40:13.440238 2023] [core:notice] [pid 7200:tid 376] AH00094: Command line: 'f:\\tops\\xamp\\apache\\bin\\httpd.exe -d F:/Tops/xamp/apache'
[Wed May 10 15:40:13.451248 2023] [mpm_winnt:notice] [pid 7200:tid 376] AH00418: Parent: Created child process 10832
[Wed May 10 15:40:14.668549 2023] [ssl:warn] [pid 10832:tid 356] AH01909: www.example.com:443:0 server certificate does NOT include an ID which matches the server name
[Wed May 10 15:40:14.821500 2023] [ssl:warn] [pid 10832:tid 356] AH01909: www.example.com:443:0 server certificate does NOT include an ID which matches the server name
[Wed May 10 15:40:14.914330 2023] [mpm_winnt:notice] [pid 10832:tid 356] AH00354: Child: Starting 150 worker threads.
[Wed May 10 16:22:26.761122 2023] [ssl:warn] [pid 9540:tid 176] AH01909: www.example.com:443:0 server certificate does NOT include an ID which matches the server name
[Wed May 10 16:22:26.996115 2023] [core:warn] [pid 9540:tid 176] AH00098: pid file F:/Tops/xamp/apache/logs/httpd.pid overwritten -- Unclean shutdown of previous Apache run?
[Wed May 10 16:22:27.000112 2023] [ssl:warn] [pid 9540:tid 176] AH01909: www.example.com:443:0 server certificate does NOT include an ID which matches the server name
[Wed May 10 16:22:28.886116 2023] [mpm_winnt:notice] [pid 9540:tid 176] AH00455: Apache/2.4.54 (Win64) OpenSSL/1.1.1p PHP/8.2.0 configured -- resuming normal operations
[Wed May 10 16:22:28.886116 2023] [mpm_winnt:notice] [pid 9540:tid 176] AH00456: Apache Lounge VS16 Server built: Jun 22 2022 09:58:15
[Wed May 10 16:22:28.886116 2023] [core:notice] [pid 9540:tid 176] AH00094: Command line: 'f:\\tops\\xamp\\apache\\bin\\httpd.exe -d F:/Tops/xamp/apache'
[Wed May 10 16:22:28.921114 2023] [mpm_winnt:notice] [pid 9540:tid 176] AH00418: Parent: Created child process 7688
[Wed May 10 16:22:31.165920 2023] [ssl:warn] [pid 7688:tid 360] AH01909: www.example.com:443:0 server certificate does NOT include an ID which matches the server name
[Wed May 10 16:22:31.520911 2023] [ssl:warn] [pid 7688:tid 360] AH01909: www.example.com:443:0 server certificate does NOT include an ID which matches the server name
[Wed May 10 16:22:31.842906 2023] [mpm_winnt:notice] [pid 7688:tid 360] AH00354: Child: Starting 150 worker threads.
